<?xml version="1.0" encoding="UTF-8"?>
<!-- Generated by org.testng.reporters.JUnitXMLReporter -->
<testsuite ignored="0" hostname="BANRAOAD-M" failures="1" tests="1" name="BSAPIEOwner" time="344.036" errors="0" timestamp="2025-08-14T10:37:53 IST">
  <testcase classname="pim.automation.framework.TC_007_OnHold_BSA_OnHold_UserSelected" name="BSAPIEOwner" time="329.194">
    <failure type="java.lang.AssertionError" message="Active step  does not match expected title expected [Pending Usecase Approval - BSA PIE] but found [pebble-step]">
      <![CDATA[java.lang.AssertionError: Active step  does not match expected title expected [Pending Usecase Approval - BSA PIE] but found [pebble-step]
at pim.automation.framework.TC_007_OnHold_BSA_OnHold_UserSelected.BSAPIEOwner(TC_007_OnHold_BSA_OnHold_UserSelected.java:202)
at java.base/java.util.ArrayList.forEach(ArrayList.java:1596)
... Removed 30 stack frames]]>
    </failure>
  </testcase> <!-- BSAPIEOwner -->
</testsuite> <!-- BSAPIEOwner -->
